<?xml version="1.0" encoding="UTF-8"?>
<!-- Generated by org.testng.reporters.JUnitReportReporter -->
<testsuite hostname="DESKTOP-4I9B6LT" failures="0" tests="1" name="Package.Tests" time="2.350" errors="0" timestamp="2020-02-20T16:11:36 CET" skipped="0">
  <testcase classname="Package.Tests" name="GoogleSearch" time="2.350"/>
</testsuite> <!-- Package.Tests -->
